2024-07-10 11:27:21,633 - Utilities.logging_file - INFO - ********Click on the category************
2024-07-10 11:27:21,633 - Utilities.logging_file - INFO - ********Click on the category************
2024-07-10 11:27:24,993 - Utilities.logging_file - INFO - ********selecting_the_earbuds************
2024-07-10 11:27:24,993 - Utilities.logging_file - INFO - ********selecting_the_earbuds************
2024-07-10 11:27:25,120 - Utilities.logging_file - INFO - ********click_on_filter************
2024-07-10 11:27:25,120 - Utilities.logging_file - INFO - ********click_on_filter************
2024-07-10 11:27:27,156 - Utilities.logging_file - INFO - ********select_filter************
2024-07-10 11:27:27,156 - Utilities.logging_file - INFO - ********select_filter************
2024-07-10 11:27:27,828 - Utilities.logging_file - INFO - ********enter_the_price************
2024-07-10 11:27:27,828 - Utilities.logging_file - INFO - ********enter_the_price************
2024-07-10 11:27:28,157 - Utilities.logging_file - INFO - ********click_on_apply_filter************
2024-07-10 11:27:28,157 - Utilities.logging_file - INFO - ********click_on_apply_filter************
2024-07-10 11:27:30,498 - Utilities.logging_file - INFO - ********click_on_filter************
2024-07-10 11:27:30,498 - Utilities.logging_file - INFO - ********click_on_filter************
2024-07-10 11:27:30,656 - Utilities.logging_file - INFO - ********click_on_payback************
2024-07-10 11:27:30,656 - Utilities.logging_file - INFO - ********click_on_payback************
2024-07-10 11:27:31,460 - Utilities.logging_file - INFO - ********select_the_payback_filter_value************
2024-07-10 11:27:31,460 - Utilities.logging_file - INFO - ********select_the_payback_filter_value************
2024-07-10 11:27:31,490 - Utilities.logging_file - INFO - ********Assertion Started***********
2024-07-10 11:27:31,490 - Utilities.logging_file - INFO - ********Assertion Started***********
2024-07-10 11:35:57,448 - Utilities.logging_file - INFO - ********Click on the category************
2024-07-10 11:35:57,448 - Utilities.logging_file - INFO - ********Click on the category************
2024-07-10 11:36:01,584 - Utilities.logging_file - INFO - ********selecting_the_earbuds************
2024-07-10 11:36:01,584 - Utilities.logging_file - INFO - ********selecting_the_earbuds************
2024-07-10 11:36:01,742 - Utilities.logging_file - INFO - ********click_on_filter************
2024-07-10 11:36:01,742 - Utilities.logging_file - INFO - ********click_on_filter************
2024-07-10 11:36:03,790 - Utilities.logging_file - INFO - ********select_filter************
2024-07-10 11:36:03,790 - Utilities.logging_file - INFO - ********select_filter************
2024-07-10 11:36:04,451 - Utilities.logging_file - INFO - ********enter_the_price************
2024-07-10 11:36:04,451 - Utilities.logging_file - INFO - ********enter_the_price************
2024-07-10 11:36:04,753 - Utilities.logging_file - INFO - ********click_on_apply_filter************
2024-07-10 11:36:04,753 - Utilities.logging_file - INFO - ********click_on_apply_filter************
2024-07-10 11:36:06,901 - Utilities.logging_file - INFO - ********click_on_filter************
2024-07-10 11:36:06,901 - Utilities.logging_file - INFO - ********click_on_filter************
2024-07-10 11:36:06,977 - Utilities.logging_file - INFO - ********click_on_payback************
2024-07-10 11:36:06,977 - Utilities.logging_file - INFO - ********click_on_payback************
2024-07-10 11:36:07,764 - Utilities.logging_file - INFO - ********select_the_payback_filter_value************
2024-07-10 11:36:07,764 - Utilities.logging_file - INFO - ********select_the_payback_filter_value************
2024-07-10 11:36:07,794 - Utilities.logging_file - INFO - ********Assertion Started***********
2024-07-10 11:36:07,794 - Utilities.logging_file - INFO - ********Assertion Started***********
2024-07-10 11:41:18,026 - Utilities.logging_file - INFO - ********Click on the category************
2024-07-10 11:41:18,026 - Utilities.logging_file - INFO - ********Click on the category************
2024-07-10 11:41:22,250 - Utilities.logging_file - INFO - ********selecting_the_earbuds************
2024-07-10 11:41:22,250 - Utilities.logging_file - INFO - ********selecting_the_earbuds************
2024-07-10 11:41:22,387 - Utilities.logging_file - INFO - ********click_on_filter************
2024-07-10 11:41:22,387 - Utilities.logging_file - INFO - ********click_on_filter************
2024-07-10 11:41:24,418 - Utilities.logging_file - INFO - ********select_filter************
2024-07-10 11:41:24,418 - Utilities.logging_file - INFO - ********select_filter************
2024-07-10 11:41:25,077 - Utilities.logging_file - INFO - ********enter_the_price************
2024-07-10 11:41:25,077 - Utilities.logging_file - INFO - ********enter_the_price************
2024-07-10 11:41:25,422 - Utilities.logging_file - INFO - ********click_on_apply_filter************
2024-07-10 11:41:25,422 - Utilities.logging_file - INFO - ********click_on_apply_filter************
2024-07-10 11:41:27,537 - Utilities.logging_file - INFO - ********click_on_filter************
2024-07-10 11:41:27,537 - Utilities.logging_file - INFO - ********click_on_filter************
2024-07-10 11:41:27,592 - Utilities.logging_file - INFO - ********click_on_payback************
2024-07-10 11:41:27,592 - Utilities.logging_file - INFO - ********click_on_payback************
2024-07-10 11:41:28,369 - Utilities.logging_file - INFO - ********select_the_payback_filter_value************
2024-07-10 11:41:28,369 - Utilities.logging_file - INFO - ********select_the_payback_filter_value************
2024-07-10 11:41:28,389 - Utilities.logging_file - INFO - ********Assertion Started***********
2024-07-10 11:41:28,389 - Utilities.logging_file - INFO - ********Assertion Started***********
2024-07-10 11:41:36,123 - Utilities.logging_file - INFO - ******CHECKING THE TITLE OF PAGE*******
2024-07-10 11:41:36,123 - Utilities.logging_file - INFO - ******CHECKING THE TITLE OF PAGE*******
2024-07-10 11:41:36,123 - Utilities.logging_file - INFO - ******CHECKING THE TITLE OF PAGE*******
2024-07-10 11:43:34,509 - Utilities.logging_file - INFO - ******CHECKING THE TITLE OF PAGE*******
2024-07-10 11:43:34,509 - Utilities.logging_file - INFO - ******CHECKING THE TITLE OF PAGE*******
2024-07-10 11:45:01,931 - Utilities.logging_file - INFO - ******CHECKING THE TITLE OF PAGE*******
2024-07-10 11:45:01,931 - Utilities.logging_file - INFO - ******CHECKING THE TITLE OF PAGE*******
2024-07-10 11:45:47,893 - Utilities.logging_file - INFO - ******CHECKING THE TITLE OF PAGE*******
2024-07-10 11:45:47,893 - Utilities.logging_file - INFO - ******CHECKING THE TITLE OF PAGE*******
