2024-07-10 12:11:28,604 - Utilities.logging_file - INFO - ********Click on the category************
2024-07-10 12:11:28,604 - Utilities.logging_file - INFO - ********Click on the category************
2024-07-10 12:11:32,879 - Utilities.logging_file - INFO - ********selecting_the_earbuds************
2024-07-10 12:11:32,879 - Utilities.logging_file - INFO - ********selecting_the_earbuds************
2024-07-10 12:11:33,036 - Utilities.logging_file - INFO - ********click_on_filter************
2024-07-10 12:11:33,036 - Utilities.logging_file - INFO - ********click_on_filter************
2024-07-10 12:11:35,080 - Utilities.logging_file - INFO - ********select_filter************
2024-07-10 12:11:35,080 - Utilities.logging_file - INFO - ********select_filter************
2024-07-10 12:11:35,728 - Utilities.logging_file - INFO - ********enter_the_price************
2024-07-10 12:11:35,728 - Utilities.logging_file - INFO - ********enter_the_price************
2024-07-10 12:11:36,042 - Utilities.logging_file - INFO - ********click_on_apply_filter************
2024-07-10 12:11:36,042 - Utilities.logging_file - INFO - ********click_on_apply_filter************
2024-07-10 12:11:38,136 - Utilities.logging_file - INFO - ********click_on_filter************
2024-07-10 12:11:38,136 - Utilities.logging_file - INFO - ********click_on_filter************
2024-07-10 12:11:38,170 - Utilities.logging_file - INFO - ********click_on_payback************
2024-07-10 12:11:38,170 - Utilities.logging_file - INFO - ********click_on_payback************
2024-07-10 12:11:38,950 - Utilities.logging_file - INFO - ********select_the_payback_filter_value************
2024-07-10 12:11:38,950 - Utilities.logging_file - INFO - ********select_the_payback_filter_value************
2024-07-10 12:11:39,017 - Utilities.logging_file - INFO - ********Assertion Started***********
2024-07-10 12:11:39,017 - Utilities.logging_file - INFO - ********Assertion Started***********
2024-07-10 12:11:44,904 - Utilities.logging_file - INFO - ******CHECKING THE TITLE OF PAGE*******
2024-07-10 12:11:44,904 - Utilities.logging_file - INFO - ******CHECKING THE TITLE OF PAGE*******
2024-07-10 12:11:44,904 - Utilities.logging_file - INFO - ******CHECKING THE TITLE OF PAGE*******
